<?xml version="1.0" encoding="UTF-8"?>
<testsuite xmlns:xsi="http://www.w3.org/2001/XMLSchema-instance" xsi:noNamespaceSchemaLocation="https://maven.apache.org/surefire/maven-surefire-plugin/xsd/surefire-test-report-3.0.xsd" version="3.0" name="com.dejaad.gpc.GaspriceCalculatorApplicationTests" time="8.199" tests="1" errors="0" skipped="0" failures="0">
  <properties>
[...]
</properties>
  <testcase name="contextLoads" classname="com.dejaad.gpc.GaspriceCalculatorApplicationTests" time="0.606">
    <system-out><![CDATA[21:55:53.476 [main] INFO org.springframework.test.context.support.AnnotationConfigContextLoaderUtils -- Could not detect default configuration classes for test class [com.dejaad.gpc.GaspriceCalculatorApplicationTests]: GaspriceCalculatorApplicationTests does not declare any static, non-private, non-final, nested classes annotated with @Configuration.
21:55:53.616 [main] INFO org.springframework.boot.test.context.SpringBootTestContextBootstrapper -- Found @SpringBootConfiguration com.dejaad.gpc.GaspriceCalculatorApplication for test class com.dejaad.gpc.GaspriceCalculatorApplicationTests
21:55:53.792 [main] INFO org.testcontainers.utility.ImageNameSubstitutor -- Image name substitution will be performed by: DefaultImageNameSubstitutor (composite of 'ConfigurationFileImageNameSubstitutor' and 'PrefixingImageNameSubstitutor')

  .   ____          _            __ _ _
 /\\ / ___'_ __ _ _(_)_ __  __ _ \ \ \ \
( ( )\___ | '_ | '_| | '_ \/ _` | \ \ \ \
 \\/  ___)| |_)| | | | | || (_| |  ) ) ) )
  '  |____| .__|_| |_|_| |_\__, | / / / /
 =========|_|==============|___/=/_/_/_/
 :: Spring Boot ::                (v3.1.0)

2023-06-09T21:55:54.319+02:00  INFO 13129 --- [           main] o.t.d.DockerClientProviderStrategy       : Loaded org.testcontainers.dockerclient.UnixSocketClientProviderStrategy from ~/.testcontainers.properties, will try it first
2023-06-09T21:55:54.633+02:00  INFO 13129 --- [           main] o.t.d.DockerClientProviderStrategy       : Found Docker environment with local Unix socket (unix:///var/run/docker.sock)
2023-06-09T21:55:54.634+02:00  INFO 13129 --- [           main] org.testcontainers.DockerClientFactory   : Docker host IP address is localhost
2023-06-09T21:55:54.653+02:00  INFO 13129 --- [           main] org.testcontainers.DockerClientFactory   : Connected to docker: 
  Server Version: 20.10.21
  API Version: 1.41
  Operating System: Linux Mint 21.1
  Total Memory: 23942 MB
2023-06-09T21:55:54.675+02:00  INFO 13129 --- [           main] tc.testcontainers/ryuk:0.4.0             : Creating container for image: testcontainers/ryuk:0.4.0
2023-06-09T21:55:54.679+02:00  INFO 13129 --- [           main] o.t.utility.RegistryAuthLocator          : Failure when attempting to lookup auth config. Please ignore if you don't have images in an authenticated registry. Details: (dockerImageName: testcontainers/ryuk:0.4.0, configFile: /home/adams/.docker/config.json, configEnv: DOCKER_AUTH_CONFIG). Falling back to docker-java default behaviour. Exception message: Status 404: No config supplied. Checked in order: /home/adams/.docker/config.json (file not found), DOCKER_AUTH_CONFIG (not set)
2023-06-09T21:55:54.820+02:00  INFO 13129 --- [           main] tc.testcontainers/ryuk:0.4.0             : Container testcontainers/ryuk:0.4.0 is starting: 756e77e8f975a5d799fd03c0db3e4745179138550b1862845046bbc37f288be0
2023-06-09T21:55:55.345+02:00  INFO 13129 --- [           main] tc.testcontainers/ryuk:0.4.0             : Container testcontainers/ryuk:0.4.0 started in PT0.685269475S
2023-06-09T21:55:55.350+02:00  INFO 13129 --- [           main] o.t.utility.RyukResourceReaper           : Ryuk started - will monitor and terminate Testcontainers containers on JVM exit
2023-06-09T21:55:55.351+02:00  INFO 13129 --- [           main] org.testcontainers.DockerClientFactory   : Checking the system...
2023-06-09T21:55:55.351+02:00  INFO 13129 --- [           main] org.testcontainers.DockerClientFactory   : ✔︎ Docker server version should be at least 1.6.0
2023-06-09T21:55:55.352+02:00  INFO 13129 --- [           main] tc.postgres:12.7                         : Creating container for image: postgres:12.7
2023-06-09T21:55:55.381+02:00  INFO 13129 --- [           main] tc.postgres:12.7                         : Container postgres:12.7 is starting: f0e18cc2a8fea5f7b48ee803e88825ea3e52bfd13cd5d51c4ad937af557db4b5
2023-06-09T21:55:57.263+02:00  INFO 13129 --- [           main] tc.postgres:12.7                         : Container postgres:12.7 started in PT1.911035953S
2023-06-09T21:55:57.265+02:00  INFO 13129 --- [           main] tc.postgres:12.7                         : Container is started (JDBC URL: jdbc:postgresql://localhost:49156/test?loggerLevel=OFF)
2023-06-09T21:55:57.274+02:00  INFO 13129 --- [           main] c.d.g.GaspriceCalculatorApplicationTests : Starting GaspriceCalculatorApplicationTests using Java 20.0.1 with PID 13129 (started by adams in /home/adams/Work/gasprice-calculator)
2023-06-09T21:55:57.276+02:00  INFO 13129 --- [           main] c.d.g.GaspriceCalculatorApplicationTests : No active profile set, falling back to 1 default profile: "default"
2023-06-09T21:55:58.192+02:00  INFO 13129 --- [           main] .s.d.r.c.RepositoryConfigurationDelegate : Bootstrapping Spring Data JPA repositories in DEFAULT mode.
2023-06-09T21:55:58.217+02:00  INFO 13129 --- [           main] .s.d.r.c.RepositoryConfigurationDelegate : Finished Spring Data repository scanning in 16 ms. Found 0 JPA repository interfaces.
2023-06-09T21:55:58.777+02:00  INFO 13129 --- [           main] o.f.c.internal.license.VersionPrinter    : Flyway Community Edition 9.16.3 by Redgate
2023-06-09T21:55:58.777+02:00  INFO 13129 --- [           main] o.f.c.internal.license.VersionPrinter    : See release notes here: https://rd.gt/416ObMi
2023-06-09T21:55:58.778+02:00  INFO 13129 --- [           main] o.f.c.internal.license.VersionPrinter    : 
2023-06-09T21:55:58.785+02:00  INFO 13129 --- [           main] com.zaxxer.hikari.HikariDataSource       : HikariPool-1 - Starting...
2023-06-09T21:55:58.881+02:00  INFO 13129 --- [           main] com.zaxxer.hikari.pool.HikariPool        : HikariPool-1 - Added connection org.postgresql.jdbc.PgConnection@7c5c20ed
2023-06-09T21:55:58.883+02:00  INFO 13129 --- [           main] com.zaxxer.hikari.HikariDataSource       : HikariPool-1 - Start completed.
2023-06-09T21:55:58.901+02:00  INFO 13129 --- [           main] o.f.c.i.database.base.BaseDatabaseType   : Database: jdbc:postgresql://localhost:49156/test (PostgreSQL 12.7)
2023-06-09T21:55:58.922+02:00  INFO 13129 --- [           main] o.f.c.i.s.JdbcTableSchemaHistory         : Schema history table "public"."flyway_schema_history" does not exist yet
2023-06-09T21:55:58.924+02:00  INFO 13129 --- [           main] o.f.core.internal.command.DbValidate     : Successfully validated 0 migrations (execution time 00:00.006s)
2023-06-09T21:55:58.924+02:00  WARN 13129 --- [           main] o.f.core.internal.command.DbValidate     : No migrations found. Are your locations set up correctly?
2023-06-09T21:55:58.936+02:00  INFO 13129 --- [           main] o.f.c.i.s.JdbcTableSchemaHistory         : Creating Schema History table "public"."flyway_schema_history" ...
2023-06-09T21:55:58.978+02:00  INFO 13129 --- [           main] o.f.core.internal.command.DbMigrate      : Current version of schema "public": << Empty Schema >>
2023-06-09T21:55:58.979+02:00  INFO 13129 --- [           main] o.f.core.internal.command.DbMigrate      : Schema "public" is up to date. No migration necessary.
2023-06-09T21:55:59.101+02:00  INFO 13129 --- [           main] o.hibernate.jpa.internal.util.LogHelper  : HHH000204: Processing PersistenceUnitInfo [name: default]
2023-06-09T21:55:59.156+02:00  INFO 13129 --- [           main] org.hibernate.Version                    : HHH000412: Hibernate ORM core version 6.2.2.Final
2023-06-09T21:55:59.158+02:00  INFO 13129 --- [           main] org.hibernate.cfg.Environment            : HHH000406: Using bytecode reflection optimizer
2023-06-09T21:55:59.310+02:00  INFO 13129 --- [           main] o.h.b.i.BytecodeProviderInitiator        : HHH000021: Bytecode provider name : bytebuddy
2023-06-09T21:55:59.439+02:00  INFO 13129 --- [           main] o.s.o.j.p.SpringPersistenceUnitInfo      : No LoadTimeWeaver setup: ignoring JPA class transformer
2023-06-09T21:55:59.488+02:00  INFO 13129 --- [           main] org.hibernate.orm.dialect                : HHH035001: Using dialect: org.hibernate.dialect.PostgreSQLDialect, version: org.hibernate.engine.jdbc.env.internal.JdbcEnvironmentInitiator$DialectResolutionInfoImpl@eb695e8
2023-06-09T21:55:59.567+02:00  INFO 13129 --- [           main] o.h.b.i.BytecodeProviderInitiator        : HHH000021: Bytecode provider name : bytebuddy
2023-06-09T21:55:59.753+02:00  INFO 13129 --- [           main] o.h.e.t.j.p.i.JtaPlatformInitiator       : HHH000490: Using JtaPlatform implementation: [org.hibernate.engine.transaction.jta.platform.internal.NoJtaPlatform]
2023-06-09T21:55:59.757+02:00  INFO 13129 --- [           main] j.LocalContainerEntityManagerFactoryBean : Initialized JPA EntityManagerFactory for persistence unit 'default'
2023-06-09T21:55:59.917+02:00  WARN 13129 --- [           main] JpaBaseConfiguration$JpaWebConfiguration : spring.jpa.open-in-view is enabled by default. Therefore, database queries may be performed during view rendering. Explicitly configure spring.jpa.open-in-view to disable this warning
2023-06-09T21:56:00.661+02:00  INFO 13129 --- [           main] o.s.b.a.e.web.EndpointLinksResolver      : Exposing 1 endpoint(s) beneath base path '/actuator'
2023-06-09T21:56:00.751+02:00  INFO 13129 --- [           main] c.d.g.GaspriceCalculatorApplicationTests : Started GaspriceCalculatorApplicationTests in 6.95 seconds (process running for 8.043)
]]></system-out>
  </testcase>
</testsuite>